2026-04-03 05:46:57 [main] INFO  com.epam.finaltask.Application - Starting Application using Java 17.0.4 with PID 90667 (/Users/mykhailokysunko/Epam/travel-agency-final-project-task2/target/classes started by mykhailokysunko in /Users/mykhailokysunko/Epam/travel-agency-final-project-task2)
2026-04-03 05:46:57 [main] INFO  com.epam.finaltask.Application - The following 1 profile is active: "prod"
2026-04-03 05:46:58 [main] WARN  org.hibernate.orm.deprecation - HHH90000025: PostgreSQLDialect does not need to be specified explicitly using 'hibernate.dialect' (remove the property setting and it will be selected by default)
2026-04-03 05:46:59 [main] WARN  o.s.s.c.a.a.c.InitializeUserDetailsBeanManagerConfigurer$InitializeUserDetailsManagerConfigurer - Global AuthenticationManager configured with an AuthenticationProvider bean. UserDetailsService beans will not be used by Spring Security for automatically configuring username/password login. Consider removing the AuthenticationProvider bean. Alternatively, consider using the UserDetailsService in a manually instantiated DaoAuthenticationProvider. If the current configuration is intentional, to turn off this warning, increase the logging level of 'org.springframework.security.config.annotation.authentication.configuration.InitializeUserDetailsBeanManagerConfigurer' to ERROR
2026-04-03 05:47:00 [main] INFO  com.epam.finaltask.Application - Started Application in 3.564 seconds (process running for 3.879)
2026-04-03 05:52:25 [main] INFO  com.epam.finaltask.Application - Starting Application using Java 17.0.4 with PID 91163 (/Users/mykhailokysunko/Epam/travel-agency-final-project-task2/target/classes started by mykhailokysunko in /Users/mykhailokysunko/Epam/travel-agency-final-project-task2)
2026-04-03 05:52:25 [main] INFO  com.epam.finaltask.Application - The following 1 profile is active: "prod"
2026-04-03 05:52:26 [main] WARN  org.hibernate.orm.deprecation - HHH90000025: PostgreSQLDialect does not need to be specified explicitly using 'hibernate.dialect' (remove the property setting and it will be selected by default)
2026-04-03 05:52:27 [main] WARN  o.s.s.c.a.a.c.InitializeUserDetailsBeanManagerConfigurer$InitializeUserDetailsManagerConfigurer - Global AuthenticationManager configured with an AuthenticationProvider bean. UserDetailsService beans will not be used by Spring Security for automatically configuring username/password login. Consider removing the AuthenticationProvider bean. Alternatively, consider using the UserDetailsService in a manually instantiated DaoAuthenticationProvider. If the current configuration is intentional, to turn off this warning, increase the logging level of 'org.springframework.security.config.annotation.authentication.configuration.InitializeUserDetailsBeanManagerConfigurer' to ERROR
2026-04-03 05:52:28 [main] INFO  com.epam.finaltask.Application - Started Application in 3.559 seconds (process running for 3.834)
2026-04-03 05:53:56 [https-jsse-nio-8443-exec-7] INFO  c.e.f.config.OAuth2UserService - Creating new user from OAuth2: googleId=115464081552235759214, email=mihail.kisunko@gmail.com
2026-04-03 05:53:57 [https-jsse-nio-8443-exec-7] INFO  c.e.f.aspect.SecurityEventListener - Login successful: username=115464081552235759214
2026-04-03 05:57:18 [main] INFO  com.epam.finaltask.Application - Starting Application using Java 17.0.4 with PID 91495 (/Users/mykhailokysunko/Epam/travel-agency-final-project-task2/target/classes started by mykhailokysunko in /Users/mykhailokysunko/Epam/travel-agency-final-project-task2)
2026-04-03 05:57:18 [main] INFO  com.epam.finaltask.Application - The following 1 profile is active: "prod"
2026-04-03 05:57:19 [main] WARN  org.hibernate.orm.deprecation - HHH90000025: PostgreSQLDialect does not need to be specified explicitly using 'hibernate.dialect' (remove the property setting and it will be selected by default)
2026-04-03 05:57:20 [main] WARN  o.s.s.c.a.a.c.InitializeUserDetailsBeanManagerConfigurer$InitializeUserDetailsManagerConfigurer - Global AuthenticationManager configured with an AuthenticationProvider bean. UserDetailsService beans will not be used by Spring Security for automatically configuring username/password login. Consider removing the AuthenticationProvider bean. Alternatively, consider using the UserDetailsService in a manually instantiated DaoAuthenticationProvider. If the current configuration is intentional, to turn off this warning, increase the logging level of 'org.springframework.security.config.annotation.authentication.configuration.InitializeUserDetailsBeanManagerConfigurer' to ERROR
2026-04-03 05:57:21 [main] INFO  com.epam.finaltask.Application - Started Application in 3.469 seconds (process running for 3.762)
2026-04-03 06:02:23 [main] INFO  com.epam.finaltask.Application - Starting Application using Java 17.0.4 with PID 91915 (/Users/mykhailokysunko/Epam/travel-agency-final-project-task2/target/classes started by mykhailokysunko in /Users/mykhailokysunko/Epam/travel-agency-final-project-task2)
2026-04-03 06:02:23 [main] INFO  com.epam.finaltask.Application - The following 1 profile is active: "prod"
2026-04-03 06:02:24 [main] WARN  org.hibernate.orm.deprecation - HHH90000025: PostgreSQLDialect does not need to be specified explicitly using 'hibernate.dialect' (remove the property setting and it will be selected by default)
2026-04-03 06:02:25 [main] WARN  o.s.s.c.a.a.c.InitializeUserDetailsBeanManagerConfigurer$InitializeUserDetailsManagerConfigurer - Global AuthenticationManager configured with an AuthenticationProvider bean. UserDetailsService beans will not be used by Spring Security for automatically configuring username/password login. Consider removing the AuthenticationProvider bean. Alternatively, consider using the UserDetailsService in a manually instantiated DaoAuthenticationProvider. If the current configuration is intentional, to turn off this warning, increase the logging level of 'org.springframework.security.config.annotation.authentication.configuration.InitializeUserDetailsBeanManagerConfigurer' to ERROR
2026-04-03 06:02:26 [main] INFO  com.epam.finaltask.Application - Started Application in 4.323 seconds (process running for 4.824)
2026-04-03 06:02:57 [https-jsse-nio-8443-exec-4] INFO  c.e.f.aspect.SecurityEventListener - Login successful: username=admin
